                                 metrics
No                                1.0000
RefTree                           1.0000
Tree                              1.0000
RefTree_taxa                    100.0000
Tree_taxa                       100.0000
Common_taxa                     100.0000
MatchingCluster                1771.0000
MatchingCluster_toYuleAvg         1.8986
MatchingCluster_toUnifAvg         1.1921
R-F_Cluster                      96.0000
R-F_Cluster_toYuleAvg             0.9817
R-F_Cluster_toUnifAvg             0.9810
NodalSplitted                   743.0767
NodalSplitted_toYuleAvg           1.6532
NodalSplitted_toUnifAvg           0.7881
Triples                       65160.0000
Triples_toYuleAvg                 0.6041
Triples_toUnifAvg                 0.6043
MatchingPair                   3452.0000
MatchingPair_toYuleAvg            0.8544
MatchingPair_toUnifAvg            0.8727
MAST                             77.0000
MAST_toYuleAvg                    0.9091
MAST_toUnifAvg                    0.8993
CopheneticL2Metric             1060.9298
CopheneticL2Metric_toYuleAvg      3.1683
CopheneticL2Metric_toUnifAvg      1.5858

                 Name           Avg  Std           Min           Max  Count
0     MatchingCluster   1771.000000  0.0   1771.000000   1771.000000      1
1         R-F_Cluster     96.000000  0.0     96.000000     96.000000      1
2       NodalSplitted    743.076712  0.0    743.076712    743.076712      1
3             Triples  65160.000000  0.0  65160.000000  65160.000000      1
4        MatchingPair   3452.000000  0.0   3452.000000   3452.000000      1
5                MAST     77.000000  0.0     77.000000     77.000000      1
6  CopheneticL2Metric   1060.929781  0.0   1060.929781   1060.929781      1
