                                 metrics
No                                1.0000
RefTree                           1.0000
Tree                              1.0000
RefTree_taxa                    100.0000
Tree_taxa                       100.0000
Common_taxa                     100.0000
MatchingCluster                1158.0000
MatchingCluster_toYuleAvg         1.2414
MatchingCluster_toUnifAvg         0.7795
R-F_Cluster                      89.0000
R-F_Cluster_toYuleAvg             0.9101
R-F_Cluster_toUnifAvg             0.9094
NodalSplitted                   447.8013
NodalSplitted_toYuleAvg           0.9962
NodalSplitted_toUnifAvg           0.4749
Triples                       84183.0000
Triples_toYuleAvg                 0.7804
Triples_toUnifAvg                 0.7807
MatchingPair                   3650.0000
MatchingPair_toYuleAvg            0.9034
MatchingPair_toUnifAvg            0.9227
MAST                             76.0000
MAST_toYuleAvg                    0.8973
MAST_toUnifAvg                    0.8876
CopheneticL2Metric              639.0336
CopheneticL2Metric_toYuleAvg      1.9084
CopheneticL2Metric_toUnifAvg      0.9552

                 Name           Avg  Std           Min           Max  Count
0     MatchingCluster   1158.000000  0.0   1158.000000   1158.000000      1
1         R-F_Cluster     89.000000  0.0     89.000000     89.000000      1
2       NodalSplitted    447.801295  0.0    447.801295    447.801295      1
3             Triples  84183.000000  0.0  84183.000000  84183.000000      1
4        MatchingPair   3650.000000  0.0   3650.000000   3650.000000      1
5                MAST     76.000000  0.0     76.000000     76.000000      1
6  CopheneticL2Metric    639.033645  0.0    639.033645    639.033645      1
