                                 metrics
No                                1.0000
RefTree                           1.0000
Tree                              1.0000
RefTree_taxa                    100.0000
Tree_taxa                       100.0000
Common_taxa                     100.0000
MatchingCluster                1158.0000
MatchingCluster_toYuleAvg         1.2414
MatchingCluster_toUnifAvg         0.7795
R-F_Cluster                      89.0000
R-F_Cluster_toYuleAvg             0.9101
R-F_Cluster_toUnifAvg             0.9094
NodalSplitted                   448.0156
NodalSplitted_toYuleAvg           0.9967
NodalSplitted_toUnifAvg           0.4751
Triples                       84184.0000
Triples_toYuleAvg                 0.7804
Triples_toUnifAvg                 0.7808
MatchingPair                   3651.0000
MatchingPair_toYuleAvg            0.9037
MatchingPair_toUnifAvg            0.9230
MAST                             76.0000
MAST_toYuleAvg                    0.8973
MAST_toUnifAvg                    0.8876
CopheneticL2Metric              639.0368
CopheneticL2Metric_toYuleAvg      1.9084
CopheneticL2Metric_toUnifAvg      0.9552

                 Name           Avg  Std           Min           Max  Count
0     MatchingCluster   1158.000000  0.0   1158.000000   1158.000000      1
1         R-F_Cluster     89.000000  0.0     89.000000     89.000000      1
2       NodalSplitted    448.015625  0.0    448.015625    448.015625      1
3             Triples  84184.000000  0.0  84184.000000  84184.000000      1
4        MatchingPair   3651.000000  0.0   3651.000000   3651.000000      1
5                MAST     76.000000  0.0     76.000000     76.000000      1
6  CopheneticL2Metric    639.036775  0.0    639.036775    639.036775      1
