                                 metrics
No                                1.0000
RefTree                           1.0000
Tree                              1.0000
RefTree_taxa                    100.0000
Tree_taxa                       100.0000
Common_taxa                     100.0000
MatchingCluster                 601.0000
MatchingCluster_toYuleAvg         0.6443
MatchingCluster_toUnifAvg         0.4046
R-F_Cluster                      62.0000
R-F_Cluster_toYuleAvg             0.6340
R-F_Cluster_toUnifAvg             0.6335
NodalSplitted                   303.6132
NodalSplitted_toYuleAvg           0.6755
NodalSplitted_toUnifAvg           0.3220
Triples                       14623.0000
Triples_toYuleAvg                 0.1356
Triples_toUnifAvg                 0.1356
MatchingPair                    842.0000
MatchingPair_toYuleAvg            0.2084
MatchingPair_toUnifAvg            0.2129
MAST                             43.0000
MAST_toYuleAvg                    0.5077
MAST_toUnifAvg                    0.5022
CopheneticL2Metric              286.9320
CopheneticL2Metric_toYuleAvg      0.8569
CopheneticL2Metric_toUnifAvg      0.4289

                 Name           Avg  Std           Min           Max  Count
0     MatchingCluster    601.000000  0.0    601.000000    601.000000      1
1         R-F_Cluster     62.000000  0.0     62.000000     62.000000      1
2       NodalSplitted    303.613241  0.0    303.613241    303.613241      1
3             Triples  14623.000000  0.0  14623.000000  14623.000000      1
4        MatchingPair    842.000000  0.0    842.000000    842.000000      1
5                MAST     43.000000  0.0     43.000000     43.000000      1
6  CopheneticL2Metric    286.932048  0.0    286.932048    286.932048      1
