                                 metrics
No                                1.0000
RefTree                           1.0000
Tree                              1.0000
RefTree_taxa                    100.0000
Tree_taxa                       100.0000
Common_taxa                     100.0000
MatchingCluster                 896.0000
MatchingCluster_toYuleAvg         0.9606
MatchingCluster_toUnifAvg         0.6031
R-F_Cluster                      89.0000
R-F_Cluster_toYuleAvg             0.9101
R-F_Cluster_toUnifAvg             0.9094
NodalSplitted                   434.8241
NodalSplitted_toYuleAvg           0.9674
NodalSplitted_toUnifAvg           0.4612
Triples                       94540.0000
Triples_toYuleAvg                 0.8765
Triples_toUnifAvg                 0.8768
MatchingPair                   3460.0000
MatchingPair_toYuleAvg            0.8564
MatchingPair_toUnifAvg            0.8747
MAST                             77.0000
MAST_toYuleAvg                    0.9091
MAST_toUnifAvg                    0.8993
CopheneticL2Metric              436.9462
CopheneticL2Metric_toYuleAvg      1.3049
CopheneticL2Metric_toUnifAvg      0.6531

                 Name           Avg  Std           Min           Max  Count
0     MatchingCluster    896.000000  0.0    896.000000    896.000000      1
1         R-F_Cluster     89.000000  0.0     89.000000     89.000000      1
2       NodalSplitted    434.824102  0.0    434.824102    434.824102      1
3             Triples  94540.000000  0.0  94540.000000  94540.000000      1
4        MatchingPair   3460.000000  0.0   3460.000000   3460.000000      1
5                MAST     77.000000  0.0     77.000000     77.000000      1
6  CopheneticL2Metric    436.946221  0.0    436.946221    436.946221      1
